{"numTotalTestSuites":5,"numPassedTestSuites":5,"numFailedTestSuites":0,"numPendingTestSuites":0,"numTotalTests":4,"numPassedTests":0,"numFailedTests":0,"numPendingTests":4,"numTodoTests":0,"snapshot":{"added":0,"failure":false,"filesAdded":0,"filesRemoved":0,"filesRemovedList":[],"filesUnmatched":0,"filesUpdated":0,"matched":0,"total":0,"unchecked":0,"uncheckedKeysByFile":[],"unmatched":0,"updated":0,"didUpdate":false},"startTime":1777508078395,"success":true,"testResults":[{"assertionResults":[{"ancestorTitles":["validateHubSpotCachedIdentity (live sandbox)"],"fullName":"validateHubSpotCachedIdentity (live sandbox) marks the known-deleted record(s) stale under HubSpot-native field names","status":"skipped","title":"marks the known-deleted record(s) stale under HubSpot-native field names","failureMessages":[],"meta":{}},{"ancestorTitles":["validateSalesforceCachedIdentity (live sandbox)"],"fullName":"validateSalesforceCachedIdentity (live sandbox) marks the known-deleted record(s) stale under canonical slot names","status":"skipped","title":"marks the known-deleted record(s) stale under canonical slot names","failureMessages":[],"meta":{}},{"ancestorTitles":["validatePipedriveCachedIdentity (live sandbox)"],"fullName":"validatePipedriveCachedIdentity (live sandbox) marks the known-deleted record(s) stale under Pipedrive-native field names","status":"skipped","title":"marks the known-deleted record(s) stale under Pipedrive-native field names","failureMessages":[],"meta":{}},{"ancestorTitles":["validateZohoCachedIdentity (live sandbox)"],"fullName":"validateZohoCachedIdentity (live sandbox) marks the known-deleted record(s) stale under Zoho-native field names","status":"skipped","title":"marks the known-deleted record(s) stale under Zoho-native field names","failureMessages":[],"meta":{}}],"startTime":1777508078395,"endTime":1777508078395,"status":"passed","message":"","name":"/home/runner/workspace/platform/integrations/connectors/adapters/validateCachedIdentity.integration.test.ts"}]}